<?xml version="1.0" encoding="UTF-8"?>
<testng-results ignored="0" total="1" passed="1" failed="0" skipped="0">
  <reporter-output>
    <line>
      <![CDATA[eBay Home page is Displayed]]>
    </line>
    <line>
      <![CDATA[eBay sign page is Displayed]]>
    </line>
    <line>
      <![CDATA[SignIN is successful]]>
    </line>
  </reporter-output>
  <suite started-at="2022-02-10T14:56:40 IST" name="com.eBay.LoginTest" finished-at="2022-02-10T14:57:04 IST" duration-ms="23581">
    <groups>
    </groups>
    <test started-at="2022-02-10T14:56:40 IST" name="Command line test" finished-at="2022-02-10T14:57:04 IST" duration-ms="23581">
      <class name="com.eBay.LoginTest">
        <test-method signature="eBayLoginTest()[pri:0, instance:com.eBay.LoginTest@35d019a3]" started-at="2022-02-10T14:56:40 IST" name="eBayLoginTest" finished-at="2022-02-10T14:57:04 IST" duration-ms="23553" status="PASS">
          <reporter-output>
            <line>
              <![CDATA[eBay Home page is Displayed]]>
            </line>
            <line>
              <![CDATA[eBay sign page is Displayed]]>
            </line>
            <line>
              <![CDATA[SignIN is successful]]>
            </line>
          </reporter-output>
        </test-method> <!-- eBayLoginTest -->
      </class> <!-- com.eBay.LoginTest -->
    </test> <!-- Command line test -->
  </suite> <!-- com.eBay.LoginTest -->
</testng-results>
