<?xml version="1.0" encoding="UTF-8"?>
<testng-results ignored="0" total="1" passed="1" failed="0" skipped="0">
  <reporter-output>
  </reporter-output>
  <suite started-at="2022-02-18T11:08:23 IST" name="Suite" finished-at="2022-02-18T11:08:56 IST" duration-ms="32458">
    <groups>
    </groups>
    <test started-at="2022-02-18T11:08:23 IST" name="Test" finished-at="2022-02-18T11:08:56 IST" duration-ms="32458">
      <class name="com.eBay.PersonalAccount">
        <test-method signature="eBay(java.lang.String)[pri:0, instance:com.eBay.PersonalAccount@52af26ee]" started-at="2022-02-18T11:08:23 IST" name="eBay" finished-at="2022-02-18T11:08:55 IST" duration-ms="32419" status="PASS">
          <params>
            <param index="0">
              <value>
                <![CDATA[chrome]]>
              </value>
            </param>
          </params>
          <reporter-output>
          </reporter-output>
        </test-method> <!-- eBay -->
      </class> <!-- com.eBay.PersonalAccount -->
    </test> <!-- Test -->
  </suite> <!-- Suite -->
</testng-results>
